<?xml version="1.0" encoding="UTF-8"?>
<testsuite xmlns:xsi="http://www.w3.org/2001/XMLSchema-instance" xsi:noNamespaceSchemaLocation="https://maven.apache.org/surefire/maven-surefire-plugin/xsd/surefire-test-report-3.0.xsd" version="3.0" name="poc01.PropertiesTest$SystemTests" time="0.003" tests="5" errors="0" skipped="0" failures="0">
  <properties>
[...]
</properties>
  <testcase name="testSystemGetPropertyMissingReturnsNull" classname="poc01.PropertiesTest$SystemTests" time="0.001"/>
  <testcase name="testSystemSetAndGetProperty" classname="poc01.PropertiesTest$SystemTests" time="0.0"/>
  <testcase name="testSystemClearProperty" classname="poc01.PropertiesTest$SystemTests" time="0.0"/>
  <testcase name="testSystemGetPropertyJavaVersion" classname="poc01.PropertiesTest$SystemTests" time="0.001"/>
  <testcase name="testSystemGetPropertiesIsLiveObject" classname="poc01.PropertiesTest$SystemTests" time="0.0"/>
</testsuite>