<?xml version="1.0" encoding="UTF-8"?>
<testsuite xmlns:xsi="http://www.w3.org/2001/XMLSchema-instance" xsi:noNamespaceSchemaLocation="https://maven.apache.org/surefire/maven-surefire-plugin/xsd/surefire-test-report-3.0.xsd" version="3.0" name="poc03.FunctionalInterfacesTest" time="0.069" tests="47" errors="0" skipped="0" failures="0">
  <properties>
[...]
</properties>
  <testcase name="impl09_throwingFunction_happyPath" classname="poc03.FunctionalInterfacesTest" time="0.011"/>
  <testcase name="impl02_lengthParameterized(String, int)[1]" classname="poc03.FunctionalInterfacesTest" time="0.008"/>
  <testcase name="impl02_lengthParameterized(String, int)[2]" classname="poc03.FunctionalInterfacesTest" time="0.0"/>
  <testcase name="impl02_lengthParameterized(String, int)[3]" classname="poc03.FunctionalInterfacesTest" time="0.0"/>
  <testcase name="impl02_lengthParameterized(String, int)[4]" classname="poc03.FunctionalInterfacesTest" time="0.001"/>
  <testcase name="impl04_andThen_chainsConsumers" classname="poc03.FunctionalInterfacesTest" time="0.001"/>
  <testcase name="impl07_compose_rightToLeft" classname="poc03.FunctionalInterfacesTest" time="0.0"/>
  <testcase name="impl01_lambdaAddition" classname="poc03.FunctionalInterfacesTest" time="0.0"/>
  <testcase name="impl10_pipeline_emptyInput" classname="poc03.FunctionalInterfacesTest" time="0.001"/>
  <testcase name="impl10_pipeline_filtersAndTransforms" classname="poc03.FunctionalInterfacesTest" time="0.0"/>
  <testcase name="impl02_andThen_composesLeftToRight" classname="poc03.FunctionalInterfacesTest" time="0.001"/>
  <testcase name="impl03_or_atLeastOneMustBeTrue" classname="poc03.FunctionalInterfacesTest" time="0.0"/>
  <testcase name="impl03_predicateNot_java11" classname="poc03.FunctionalInterfacesTest" time="0.0"/>
  <testcase name="impl08_arbitraryInstanceRef" classname="poc03.FunctionalInterfacesTest" time="0.0"/>
  <testcase name="impl06_unaryOperator_sameTypeInOut" classname="poc03.FunctionalInterfacesTest" time="0.0"/>
  <testcase name="impl02_compose_composesRightToLeft" classname="poc03.FunctionalInterfacesTest" time="0.0"/>
  <testcase name="impl02_functionApply" classname="poc03.FunctionalInterfacesTest" time="0.0"/>
  <testcase name="impl05_supplierIsLazy" classname="poc03.FunctionalInterfacesTest" time="0.0"/>
  <testcase name="impl06_biFunction_twoInputs" classname="poc03.FunctionalInterfacesTest" time="0.001"/>
  <testcase name="impl08_constructorRef_noArgs" classname="poc03.FunctionalInterfacesTest" time="0.0"/>
  <testcase name="impl04_biConsumer_twoInputs" classname="poc03.FunctionalInterfacesTest" time="0.0"/>
  <testcase name="impl07_andThen_leftToRight" classname="poc03.FunctionalInterfacesTest" time="0.001"/>
  <testcase name="impl04_consumerSideEffect" classname="poc03.FunctionalInterfacesTest" time="0.0"/>
  <testcase name="impl06_binaryOperator_minMax" classname="poc03.FunctionalInterfacesTest" time="0.001"/>
  <testcase name="impl05_supplierProducesValue" classname="poc03.FunctionalInterfacesTest" time="0.0"/>
  <testcase name="impl03_negate_flipsResult" classname="poc03.FunctionalInterfacesTest" time="0.0"/>
  <testcase name="impl06_binaryOperator_twoSameTypeInputs" classname="poc03.FunctionalInterfacesTest" time="0.005"/>
  <testcase name="impl10_pipeline_allFiltered" classname="poc03.FunctionalInterfacesTest" time="0.0"/>
  <testcase name="impl01_passFunctionAsArgument" classname="poc03.FunctionalInterfacesTest" time="0.0"/>
  <testcase name="impl07_composedPipelineReusable" classname="poc03.FunctionalInterfacesTest" time="0.0"/>
  <testcase name="impl01_lambdaMultiplication" classname="poc03.FunctionalInterfacesTest" time="0.0"/>
  <testcase name="impl08_staticMethodRef_throwsOnBadInput" classname="poc03.FunctionalInterfacesTest" time="0.001"/>
  <testcase name="impl02_identity_returnsInput" classname="poc03.FunctionalInterfacesTest" time="0.0"/>
  <testcase name="impl01_lambdaSubtraction" classname="poc03.FunctionalInterfacesTest" time="0.001"/>
  <testcase name="impl09_throwingFunction_throwsOnBadInput" classname="poc03.FunctionalInterfacesTest" time="0.0"/>
  <testcase name="impl06_biFunction_andThen" classname="poc03.FunctionalInterfacesTest" time="0.001"/>
  <testcase name="impl08_constructorRef_withArg" classname="poc03.FunctionalInterfacesTest" time="0.0"/>
  <testcase name="impl09_wrappedFunction_wrapsCheckedAsRuntime" classname="poc03.FunctionalInterfacesTest" time="0.001"/>
  <testcase name="impl08_staticMethodRef" classname="poc03.FunctionalInterfacesTest" time="0.0"/>
  <testcase name="impl07_andThen_and_compose_equivalent" classname="poc03.FunctionalInterfacesTest" time="0.0"/>
  <testcase name="impl10_pipeline_composedTransform" classname="poc03.FunctionalInterfacesTest" time="0.0"/>
  <testcase name="impl05_supplierAsFactory" classname="poc03.FunctionalInterfacesTest" time="0.0"/>
  <testcase name="impl05_defaultValuePattern" classname="poc03.FunctionalInterfacesTest" time="0.001"/>
  <testcase name="impl03_and_bothMustBeTrue" classname="poc03.FunctionalInterfacesTest" time="0.0"/>
  <testcase name="impl03_predicateTest" classname="poc03.FunctionalInterfacesTest" time="0.0"/>
  <testcase name="impl10_pipeline_consumerCalledForEachResult" classname="poc03.FunctionalInterfacesTest" time="0.0"/>
  <testcase name="impl08_particularInstanceRef" classname="poc03.FunctionalInterfacesTest" time="0.0"/>
</testsuite>