<?xml version="1.0" encoding="UTF-8"?>
<testsuite xmlns:xsi="http://www.w3.org/2001/XMLSchema-instance" xsi:noNamespaceSchemaLocation="https://maven.apache.org/surefire/maven-surefire-plugin/xsd/surefire-test-report-3.0.xsd" version="3.0" name="poc04.StreamsTest" time="0.065" tests="77" errors="0" skipped="0" failures="0">
  <properties>
[...]
</properties>
  <testcase name="collect_toUnmodifiableList_throws_on_add" classname="poc04.StreamsTest" time="0.008"/>
  <testcase name="predicate_negate_flips_result" classname="poc04.StreamsTest" time="0.001"/>
  <testcase name="intstream_range_count" classname="poc04.StreamsTest" time="0.001"/>
  <testcase name="stream_is_consumed_after_terminal_operation" classname="poc04.StreamsTest" time="0.0"/>
  <testcase name="empty_list_stream_count_is_zero" classname="poc04.StreamsTest" time="0.0"/>
  <testcase name="filter_all_match_returns_full_list" classname="poc04.StreamsTest" time="0.0"/>
  <testcase name="reduce_sum_with_identity" classname="poc04.StreamsTest" time="0.0"/>
  <testcase name="reduce_product_with_identity" classname="poc04.StreamsTest" time="0.001"/>
  <testcase name="predicate_or_passes_when_either_true" classname="poc04.StreamsTest" time="0.0"/>
  <testcase name="collect_counting_per_group" classname="poc04.StreamsTest" time="0.001"/>
  <testcase name="collect_toSet_removes_duplicates" classname="poc04.StreamsTest" time="0.0"/>
  <testcase name="sorted_reverse_order" classname="poc04.StreamsTest" time="0.0"/>
  <testcase name="noneMatch_free_items" classname="poc04.StreamsTest" time="0.001"/>
  <testcase name="flatMap_count_total_elements" classname="poc04.StreamsTest" time="0.0"/>
  <testcase name="intstream_average_from_array" classname="poc04.StreamsTest" time="0.001"/>
  <testcase name="sorted_by_string_length" classname="poc04.StreamsTest" time="0.001"/>
  <testcase name="sorted_distinct_limit_pipeline" classname="poc04.StreamsTest" time="0.0"/>
  <testcase name="arrays_stream_string_array_count" classname="poc04.StreamsTest" time="0.0"/>
  <testcase name="intstream_rangeClosed_count" classname="poc04.StreamsTest" time="0.0"/>
  <testcase name="reduce_empty_stream_no_identity_returns_empty_optional" classname="poc04.StreamsTest" time="0.0"/>
  <testcase name="map_extract_first_name" classname="poc04.StreamsTest" time="0.001"/>
  <testcase name="collect_joining_with_delimiter" classname="poc04.StreamsTest" time="0.0"/>
  <testcase name="stream_count_returns_size_of_source_list" classname="poc04.StreamsTest" time="0.0"/>
  <testcase name="predicate_not_static_method" classname="poc04.StreamsTest" time="0.001"/>
  <testcase name="reduce_empty_stream_returns_identity" classname="poc04.StreamsTest" time="0.0"/>
  <testcase name="filter_chained_even_and_greater_than_four" classname="poc04.StreamsTest" time="0.001"/>
  <testcase name="mapToInt_sum_of_string_lengths" classname="poc04.StreamsTest" time="0.0"/>
  <testcase name="predicate_and_requires_both_true" classname="poc04.StreamsTest" time="0.001"/>
  <testcase name="intstream_max_from_array" classname="poc04.StreamsTest" time="0.0"/>
  <testcase name="map_squares" classname="poc04.StreamsTest" time="0.0"/>
  <testcase name="filter_then_map_pipeline" classname="poc04.StreamsTest" time="0.0"/>
  <testcase name="limit_larger_than_source_returns_all" classname="poc04.StreamsTest" time="0.0"/>
  <testcase name="reduce_without_identity_returns_optional" classname="poc04.StreamsTest" time="0.0"/>
  <testcase name="limit_takes_first_n_elements" classname="poc04.StreamsTest" time="0.0"/>
  <testcase name="group_by_category_has_three_categories" classname="poc04.StreamsTest" time="0.0"/>
  <testcase name="cheapest_product_is_notebook" classname="poc04.StreamsTest" time="0.001"/>
  <testcase name="flatMap_sentences_to_words" classname="poc04.StreamsTest" time="0.0"/>
  <testcase name="collect_toList" classname="poc04.StreamsTest" time="0.0"/>
  <testcase name="intstream_min_from_array" classname="poc04.StreamsTest" time="0.001"/>
  <testcase name="allMatch_books_under_100" classname="poc04.StreamsTest" time="0.0"/>
  <testcase name="distinct_removes_duplicates" classname="poc04.StreamsTest" time="0.0"/>
  <testcase name="stream_of_produces_expected_count" classname="poc04.StreamsTest" time="0.001"/>
  <testcase name="predicate_test_method_returns_true_for_matching_value" classname="poc04.StreamsTest" time="0.0"/>
  <testcase name="pagination_page0" classname="poc04.StreamsTest" time="0.0"/>
  <testcase name="pagination_page1" classname="poc04.StreamsTest" time="0.0"/>
  <testcase name="reduce_longest_string" classname="poc04.StreamsTest" time="0.0"/>
  <testcase name="map_on_empty_stream_returns_empty_list" classname="poc04.StreamsTest" time="0.0"/>
  <testcase name="skip_discards_first_n_elements" classname="poc04.StreamsTest" time="0.0"/>
  <testcase name="reduce_string_concatenation" classname="poc04.StreamsTest" time="0.004"/>
  <testcase name="map_to_uppercase" classname="poc04.StreamsTest" time="0.0"/>
  <testcase name="filter_even_numbers" classname="poc04.StreamsTest" time="0.0"/>
  <testcase name="predicate_used_in_filter" classname="poc04.StreamsTest" time="0.001"/>
  <testcase name="intstream_average_empty_array_is_empty" classname="poc04.StreamsTest" time="0.0"/>
  <testcase name="collect_joining_with_prefix_and_suffix" classname="poc04.StreamsTest" time="0.0"/>
  <testcase name="electronics_count" classname="poc04.StreamsTest" time="0.0"/>
  <testcase name="filter_short_names_length_3_or_less(String)[1]" classname="poc04.StreamsTest" time="0.004"/>
  <testcase name="filter_short_names_length_3_or_less(String)[2]" classname="poc04.StreamsTest" time="0.0"/>
  <testcase name="filter_short_names_length_3_or_less(String)[3]" classname="poc04.StreamsTest" time="0.001"/>
  <testcase name="anyMatch_electronics_over_800" classname="poc04.StreamsTest" time="0.0"/>
  <testcase name="collect_groupingBy_groups_correctly" classname="poc04.StreamsTest" time="0.0"/>
  <testcase name="filter_no_match_returns_empty_list" classname="poc04.StreamsTest" time="0.001"/>
  <testcase name="top3_cheapest_products" classname="poc04.StreamsTest" time="0.0"/>
  <testcase name="filter_strings_starting_with_a" classname="poc04.StreamsTest" time="0.001"/>
  <testcase name="filter_then_forEach_does_not_modify_original_list" classname="poc04.StreamsTest" time="0.0"/>
  <testcase name="flatMap_empty_inner_lists_skipped" classname="poc04.StreamsTest" time="0.0"/>
  <testcase name="total_electronics_price" classname="poc04.StreamsTest" time="0.0"/>
  <testcase name="skip_larger_than_source_returns_empty" classname="poc04.StreamsTest" time="0.001"/>
  <testcase name="flatMap_flattens_list_of_lists" classname="poc04.StreamsTest" time="0.0"/>
  <testcase name="most_expensive_product_is_laptop" classname="poc04.StreamsTest" time="0.0"/>
  <testcase name="map_string_to_length" classname="poc04.StreamsTest" time="0.0"/>
  <testcase name="filter_greater_than_five" classname="poc04.StreamsTest" time="0.0"/>
  <testcase name="flatMap_then_distinct_and_sorted" classname="poc04.StreamsTest" time="0.0"/>
  <testcase name="books_joined_by_comma" classname="poc04.StreamsTest" time="0.001"/>
  <testcase name="sorted_natural_order_integers" classname="poc04.StreamsTest" time="0.0"/>
  <testcase name="count_products_under_50" classname="poc04.StreamsTest" time="0.0"/>
  <testcase name="intstream_sum_from_array" classname="poc04.StreamsTest" time="0.0"/>
  <testcase name="intstream_boxed_converts_to_list" classname="poc04.StreamsTest" time="0.001"/>
</testsuite>